<?xml version="1.0" encoding="UTF-8"?>
<!-- Generated by org.testng.reporters.JUnitReportReporter -->
<testsuite hostname="DESKTOP-GA5D9PH" failures="0" tests="1" name="trial.google.Google" time="1.230" errors="0" timestamp="2024-06-12T11:15:03 IST" skipped="0">
  <testcase classname="trial.google.Google" name="search" time="1.230"/>
  <system-out/>
</testsuite> <!-- trial.google.Google -->
