<?xml version="1.0" encoding="UTF-8"?>
<!-- Generated by org.testng.reporters.JUnitReportReporter -->
<testsuite hostname="DESKTOP-GA5D9PH" failures="0" tests="1" name="trial.google.Demo" time="0.896" errors="0" timestamp="2024-06-12T11:18:03 IST" skipped="0">
  <testcase classname="trial.google.Demo" name="checkingTheLinks" time="0.896"/>
  <system-out/>
</testsuite> <!-- trial.google.Demo -->
