<?xml version="1.0" encoding="UTF-8"?>
<!-- Generated by org.testng.reporters.JUnitReportReporter -->
<testsuite hostname="DESKTOP-GA5D9PH" failures="0" tests="1" name="trial.script.Demo" time="13.330" errors="0" timestamp="2024-06-12T17:28:19 IST" skipped="0">
  <testcase classname="trial.script.Demo" name="checkingTheLinks" time="13.330"/>
  <system-out/>
</testsuite> <!-- trial.script.Demo -->
